2024-03-13 03:11:13,829 - ERROR - Error occurred while searching for gotr00t0day on https://www.facebook.com/gotr00t0day: Continueing...
2024-03-13 03:11:14,178 - ERROR - Error occurred while searching for gotr00t0day on https://www.tiktok.com/@/gotr00t0day: Continueing...
2024-03-13 03:11:14,634 - ERROR - Error occurred while searching for gotr00t0day on https://twitter.com/gotr00t0day: Continueing...
2024-03-13 03:11:14,997 - ERROR - Error occurred while searching for gotr00t0day on https://badoo.com/profile/gotr00t0day: Continueing...
2024-03-13 03:11:15,371 - ERROR - Error occurred while searching for gotr00t0day on https://t.me/gotr00t0day: Continueing...
2024-03-13 03:11:15,387 - ERROR - Error occurred while searching for gotr00t0day on https://instagram.com/gotr00t0day: Continueing...
2024-03-13 03:11:17,394 - ERROR - Error occurred while searching for gotr00t0day on https://medium.com/@/gotr00t0day: Continueing...
2024-03-13 03:11:17,498 - ERROR - Error occurred while searching for gotr00t0day on https://bionluk.com/gotr00t0day: Continueing...
2024-03-13 03:11:17,512 - ERROR - Error occurred while searching for gotr00t0day on https://tt.me/gotr00t0day: Continueing...
2024-03-13 03:11:18,085 - ERROR - Error occurred while searching for gotr00t0day on https://www.pinterest.com/gotr00t0day: Continueing...
2024-03-13 03:11:19,892 - ERROR - Error occurred while searching for gotr00t0day on https://twitch.tv/gotr00t0day: Continueing...
2024-03-13 03:11:20,289 - WARNING - Certificate did not match expected hostname: wanelo.co. Certificate: {'subject': ((('commonName', '*.park.io'),),), 'issuer': ((('countryName', 'US'),), (('organizationName', 'Amazon'),), (('commonName', 'Amazon RSA 2048 M02'),)), 'version': 3, 'serialNumber': '081BF1F245F20E82B416C79A0ABBAD45', 'notBefore': 'Nov 15 00:00:00 2023 GMT', 'notAfter': 'Dec 12 23:59:59 2024 GMT', 'subjectAltName': (('DNS', '*.park.io'), ('DNS', 'park.io')), 'OCSP': ('http://ocsp.r2m02.amazontrust.com',), 'caIssuers': ('http://crt.r2m02.amazontrust.com/r2m02.cer',), 'crlDistributionPoints': ('http://crl.r2m02.amazontrust.com/r2m02.crl',)}
2024-03-13 03:11:20,290 - ERROR - Error occurred while searching for gotr00t0day on https://wanelo.co/gotr00t0day: Continueing...
2024-03-13 03:11:23,091 - ERROR - Error occurred while searching for gotr00t0day on https://steamcommunity.com/id/gotr00t0day: Continueing...
2024-03-13 03:11:23,602 - ERROR - Error occurred while searching for gotr00t0day on https://account.xbox.com/profile?gamertag=/gotr00t0day: Continueing...
2024-03-13 03:11:24,320 - ERROR - Error occurred while searching for gotr00t0day on https://club.ubisoft.com/profile/gotr00t0day: Continueing...
2024-03-13 03:11:25,309 - ERROR - Error occurred while searching for gotr00t0day on https://wfts.su/profile/gotr00t0day: Continueing...
2024-03-13 03:11:26,675 - ERROR - Error occurred while searching for gotr00t0day on https://paypal.me/gotr00t0day: Continueing...
2024-03-13 03:11:26,965 - ERROR - Error occurred while searching for gotr00t0day on http://www.money-talk.org/profile.php?mode=viewprofile&u=/gotr00t0day: Continueing...
2024-03-13 03:11:29,337 - ERROR - Error occurred while searching for gotr00t0day on https://anime-planet.com/users/gotr00t0day: Continueing...
2024-03-13 03:11:29,794 - ERROR - Error occurred while searching for gotr00t0day on https://www.ebay.com/usr/gotr00t0day: Continueing...
2024-03-13 03:11:33,764 - ERROR - Error occurred while searching for gotr00t0day on https://www.reddit.com/user/gotr00t0day: Continueing...
2024-03-13 03:11:34,312 - ERROR - Error occurred while searching for gotr00t0day on https://github.com/gotr00t0day: Continueing...
2024-03-13 03:11:34,502 - ERROR - Error occurred while searching for gotr00t0day on https://metacritic.com/user/gotr00t0day: Continueing...
2024-03-13 03:11:35,577 - ERROR - Error occurred while searching for gotr00t0day on https://doxbin.com/upload/gotr00t0day: Continueing...
2024-03-13 03:11:36,248 - ERROR - Error occurred while searching for gotr00t0day on https://doxbin.com/user/gotr00t0day: Continueing...
2024-03-13 03:11:37,910 - ERROR - Error occurred while searching for gotr00t0day on https://www.duolingo.com/profile/gotr00t0day: Continueing...
2024-03-13 03:11:38,390 - ERROR - Error occurred while searching for gotr00t0day on https://www.seoclerks.com/user/gotr00t0day: Continueing...
2024-03-13 03:11:43,900 - ERROR - Error occurred while searching for gotr00t0day on https://www.stumbleupon.com/stumbler/gotr00t0day: Continueing...
2024-03-13 03:11:43,937 - ERROR - Error occurred while searching for gotr00t0day on https://www.mixcloud.com/gotr00t0day: Continueing...
2024-03-13 03:11:44,571 - ERROR - Error occurred while searching for gotr00t0day on https://www.crunchyroll.com/user/gotr00t0day: Continueing...
2024-03-13 03:11:45,085 - ERROR - Error occurred while searching for gotr00t0day on https://www.500px.com/gotr00t0day: Continueing...
2024-03-13 03:11:48,547 - ERROR - Error occurred while searching for gotr00t0day on https://www.slashdot.org/~/gotr00t0day: Continueing...
2024-03-13 03:11:48,896 - ERROR - Error occurred while searching for gotr00t0day on https://www.weheartit.com/gotr00t0day: Continueing...
2024-03-13 03:11:53,112 - ERROR - Error occurred while searching for gotr00t0day on https://www.flightradar24.com/author/gotr00t0day: Continueing...
2024-03-13 03:11:53,246 - ERROR - Error occurred while searching for gotr00t0day on https://www.slickdeals.net/forums/member.php?u=/gotr00t0day: Continueing...
2024-03-13 03:11:53,892 - WARNING - Certificate did not match expected hostname: www.blip.fm. Certificate: {'subject': ((('commonName', 'blip.fm'),),), 'issuer': ((('countryName', 'US'),), (('organizationName', "Let's Encrypt"),), (('commonName', 'R3'),)), 'version': 3, 'serialNumber': '034188C150F6A4252C07FA634E36F98B5B92', 'notBefore': 'Feb  1 04:03:57 2024 GMT', 'notAfter': 'May  1 04:03:56 2024 GMT', 'subjectAltName': (('DNS', 'blip.fm'),), 'OCSP': ('http://r3.o.lencr.org',), 'caIssuers': ('http://r3.i.lencr.org/',)}
2024-03-13 03:11:53,894 - ERROR - Error occurred while searching for gotr00t0day on https://www.blip.fm/gotr00t0day: Continueing...
2024-03-13 03:11:54,140 - ERROR - Error occurred while searching for gotr00t0day on https://www.yelp.com/user_details?userid=/gotr00t0day: Continueing...
2024-03-13 03:11:56,056 - ERROR - Error occurred while searching for gotr00t0day on https://www.8tracks.com/gotr00t0day: Continueing...
2024-03-13 03:11:56,983 - ERROR - Error occurred while searching for gotr00t0day on https://www.pearltrees.com/gotr00t0day: Continueing...
2024-03-13 03:11:58,477 - ERROR - Error occurred while searching for gotr00t0day on https://www.photobucket.com/user/gotr00t0day: Continueing...
2024-03-13 03:11:58,511 - ERROR - Error occurred while searching for gotr00t0day on https://www.stitcher.com/profile/gotr00t0day: Continueing...
2024-03-13 03:11:58,911 - ERROR - Error occurred while searching for gotr00t0day on https://www.pbase.com/gotr00t0day: Continueing...
2024-03-13 03:11:59,559 - ERROR - Error occurred while searching for gotr00t0day on https://www.veoh.com/users/gotr00t0day: Continueing...
2024-03-13 03:11:59,681 - ERROR - Error occurred while searching for gotr00t0day on https://www.bandsintown.com/gotr00t0day: Continueing...
2024-03-13 03:12:00,729 - ERROR - Error occurred while searching for gotr00t0day on https://www.tripit.com/people/gotr00t0day: Continueing...
2024-03-13 03:12:01,648 - ERROR - Error occurred while searching for gotr00t0day on https://www.khanacademy.org/profiles/gotr00t0day: Continueing...
2024-03-13 03:12:02,288 - ERROR - Error occurred while searching for gotr00t0day on https://www.care2.com/c2c/people/gotr00t0day: Continueing...
2024-03-13 03:12:03,267 - ERROR - Error occurred while searching for gotr00t0day on https://www.creativelive.com/student/gotr00t0day: Continueing...
2024-03-13 03:12:03,904 - ERROR - Error occurred while searching for gotr00t0day on https://www.gaiaonline.com/profiles/gotr00t0day: Continueing...
2024-03-13 03:12:04,921 - ERROR - Error occurred while searching for gotr00t0day on https://www.wikidot.com/user:info/gotr00t0day: Continueing...
2024-03-13 03:12:06,605 - ERROR - Error occurred while searching for gotr00t0day on https://www.photoshopcreative.co.uk/user/gotr00t0day: Continueing...
2024-03-13 03:12:07,872 - ERROR - Error occurred while searching for gotr00t0day on https://www.zedge.net/profile/gotr00t0day: Continueing...
2024-03-13 03:18:44,198 - ERROR - Error occurred while searching for None on https://twitter.com/None: Continueing...
2024-03-13 03:18:44,344 - ERROR - Error occurred while searching for None on https://www.tiktok.com/@/None: Continueing...
2024-03-13 03:18:44,364 - ERROR - Error occurred while searching for None on https://t.me/None: Continueing...
2024-03-13 03:18:44,612 - ERROR - Error occurred while searching for None on https://instagram.com/None: Continueing...
2024-03-13 03:18:44,902 - ERROR - Error occurred while searching for None on https://www.facebook.com/None: Continueing...
2024-03-13 03:18:45,298 - ERROR - Error occurred while searching for None on https://badoo.com/profile/None: Continueing...
2024-03-13 03:18:46,840 - ERROR - Error occurred while searching for None on https://medium.com/@/None: Continueing...
2024-03-13 03:18:46,915 - ERROR - Error occurred while searching for None on https://bionluk.com/None: Continueing...
2024-03-13 03:18:47,254 - ERROR - Error occurred while searching for None on https://www.pinterest.com/None: Continueing...
2024-03-13 03:18:47,713 - ERROR - Error occurred while searching for None on https://patreon.com/None: Continueing...
2024-03-13 03:18:48,070 - ERROR - Error occurred while searching for None on https://www.trakt.tv/users/None: Continueing...
2024-03-13 03:18:48,237 - ERROR - Error occurred while searching for None on https://story.snapchat.com/s/None: Continueing...
2024-03-13 03:18:48,728 - ERROR - Error occurred while searching for None on https://tt.me/None: Continueing...
2024-03-13 03:18:49,335 - WARNING - Certificate did not match expected hostname: wanelo.co. Certificate: {'subject': ((('commonName', '*.park.io'),),), 'issuer': ((('countryName', 'US'),), (('organizationName', 'Amazon'),), (('commonName', 'Amazon RSA 2048 M02'),)), 'version': 3, 'serialNumber': '081BF1F245F20E82B416C79A0ABBAD45', 'notBefore': 'Nov 15 00:00:00 2023 GMT', 'notAfter': 'Dec 12 23:59:59 2024 GMT', 'subjectAltName': (('DNS', '*.park.io'), ('DNS', 'park.io')), 'OCSP': ('http://ocsp.r2m02.amazontrust.com',), 'caIssuers': ('http://crt.r2m02.amazontrust.com/r2m02.cer',), 'crlDistributionPoints': ('http://crl.r2m02.amazontrust.com/r2m02.crl',)}
2024-03-13 03:18:49,337 - ERROR - Error occurred while searching for None on https://wanelo.co/None: Continueing...
2024-03-13 03:18:50,367 - ERROR - Error occurred while searching for None on https://www.linkedin.com/in/None: Continueing...
2024-03-13 03:18:51,968 - ERROR - Error occurred while searching for None on https://steamcommunity.com/id/None: Continueing...
2024-03-13 03:18:52,185 - ERROR - Error occurred while searching for None on https://twitch.tv/None: Continueing...
2024-03-13 03:18:52,497 - ERROR - Error occurred while searching for None on https://rt.pornhub.com/users/None: Continueing...
2024-03-13 03:18:53,143 - ERROR - Error occurred while searching for None on https://www.chess.com/member/None: Continueing...
2024-03-13 03:18:53,537 - ERROR - Error occurred while searching for None on https://wfts.su/profile/None: Continueing...
2024-03-13 03:18:54,142 - ERROR - Error occurred while searching for None on https://www.donationalerts.com/r/None: Continueing...
2024-03-13 03:18:54,846 - ERROR - Error occurred while searching for None on https://club.ubisoft.com/profile/None: Continueing...
2024-03-13 03:18:55,570 - ERROR - Error occurred while searching for None on https://account.xbox.com/profile?gamertag=/None: Continueing...
2024-03-13 03:18:58,270 - ERROR - Error occurred while searching for None on https://paypal.me/None: Continueing...
2024-03-13 03:18:59,243 - ERROR - Error occurred while searching for None on https://anime-planet.com/users/None: Continueing...
2024-03-13 03:19:00,712 - ERROR - Error occurred while searching for None on https://www.ebay.com/usr/None: Continueing...
2024-03-13 03:19:04,218 - ERROR - Error occurred while searching for None on http://www.money-talk.org/profile.php?mode=viewprofile&u=/None: Continueing...
2024-03-13 03:19:04,336 - ERROR - Error occurred while searching for None on https://pastebin.com/u/None: Continueing...
2024-03-13 03:19:05,544 - ERROR - Error occurred while searching for None on https://pypi.org/user/None: Continueing...
2024-03-13 03:19:05,814 - ERROR - Error occurred while searching for None on https://www.openstreetmap.org/user/None: Continueing...
2024-03-13 03:19:07,180 - ERROR - Error occurred while searching for None on https://www.reddit.com/user/None: Continueing...
2024-03-13 03:19:07,744 - ERROR - Error occurred while searching for None on https://ask.fm/None: Continueing...
2024-03-13 03:19:07,873 - ERROR - Error occurred while searching for None on https://metacritic.com/user/None: Continueing...
2024-03-13 03:19:08,206 - ERROR - Error occurred while searching for None on https://www.seoclerks.com/user/None: Continueing...
2024-03-13 03:19:08,474 - ERROR - Error occurred while searching for None on https://pinkbike.com/u/None: Continueing...
2024-03-13 03:19:08,961 - ERROR - Error occurred while searching for None on https://soundcloud.com/None: Continueing...
2024-03-13 03:19:09,204 - ERROR - Error occurred while searching for None on https://doxbin.com/upload/None: Continueing...
2024-03-13 03:19:09,206 - ERROR - Error occurred while searching for None on https://doxbin.com/user/None: Continueing...
2024-03-13 03:19:09,943 - ERROR - Error occurred while searching for None on https://justpaste.it/u/None: Continueing...
2024-03-13 03:19:11,176 - ERROR - Error occurred while searching for None on https://www.duolingo.com/profile/None: Continueing...
2024-03-13 03:19:11,588 - ERROR - Error occurred while searching for None on https://www.deviantart.com/None: Continueing...
2024-03-13 03:19:11,818 - ERROR - Error occurred while searching for None on https://www.behance.net/None: Continueing...
2024-03-13 03:19:13,042 - ERROR - Error occurred while searching for None on https://www.flickr.com/people/None: Continueing...
2024-03-13 03:19:14,195 - ERROR - Error occurred while searching for None on https://www.last.fm/user/None: Continueing...
2024-03-13 03:19:14,401 - ERROR - Error occurred while searching for None on https://vimeo.com/None: Continueing...
2024-03-13 03:19:15,027 - ERROR - Error occurred while searching for None on https://www.scribd.com/None: Continueing...
2024-03-13 03:19:16,008 - ERROR - Error occurred while searching for None on https://www.crunchyroll.com/user/None: Continueing...
2024-03-13 03:19:16,280 - ERROR - Error occurred while searching for None on https://www.stumbleupon.com/stumbler/None: Continueing...
2024-03-13 03:19:16,780 - ERROR - Error occurred while searching for None on https://www.500px.com/None: Continueing...
2024-03-13 03:19:18,261 - ERROR - Error occurred while searching for None on https://www.mixcloud.com/None: Continueing...
2024-03-13 03:19:18,479 - ERROR - Error occurred while searching for None on https://www.codepen.io/None: Continueing...
2024-03-13 03:19:19,106 - ERROR - Error occurred while searching for None on https://www.society6.com/None: Continueing...
2024-03-13 03:19:19,561 - ERROR - Error occurred while searching for None on https://www.weheartit.com/None: Continueing...
2024-03-13 03:19:21,039 - ERROR - Error occurred while searching for None on https://www.etsy.com/people/None: Continueing...
2024-03-13 03:19:21,759 - ERROR - Error occurred while searching for None on https://www.dailykos.com/user/None: Continueing...
2024-03-13 03:19:22,231 - ERROR - Error occurred while searching for None on https://www.dailymotion.com/None: Continueing...
2024-03-13 03:19:22,294 - ERROR - Error occurred while searching for None on https://www.slashdot.org/~/None: Continueing...
2024-03-13 03:19:22,934 - ERROR - Error occurred while searching for None on https://www.instructables.com/member/None: Continueing...
2024-03-13 03:19:24,058 - ERROR - Error occurred while searching for None on https://www.flightradar24.com/author/None: Continueing...
2024-03-13 03:19:24,461 - ERROR - Error occurred while searching for None on https://www.thingiverse.com/None: Continueing...
2024-03-13 03:19:25,424 - ERROR - Error occurred while searching for None on https://www.mix.com/None: Continueing...
2024-03-13 03:19:25,682 - ERROR - Error occurred while searching for None on https://www.slickdeals.net/forums/member.php?u=/None: Continueing...
2024-03-13 03:19:26,380 - ERROR - Error occurred while searching for None on https://www.spoonflower.com/profiles/None: Continueing...
2024-03-13 03:19:26,802 - ERROR - Error occurred while searching for None on https://www.suicidegirls.com/members/None: Continueing...
2024-03-13 03:19:27,275 - WARNING - Certificate did not match expected hostname: www.blip.fm. Certificate: {'subject': ((('commonName', 'blip.fm'),),), 'issuer': ((('countryName', 'US'),), (('organizationName', "Let's Encrypt"),), (('commonName', 'R3'),)), 'version': 3, 'serialNumber': '034188C150F6A4252C07FA634E36F98B5B92', 'notBefore': 'Feb  1 04:03:57 2024 GMT', 'notAfter': 'May  1 04:03:56 2024 GMT', 'subjectAltName': (('DNS', 'blip.fm'),), 'OCSP': ('http://r3.o.lencr.org',), 'caIssuers': ('http://r3.i.lencr.org/',)}
2024-03-13 03:19:27,277 - ERROR - Error occurred while searching for None on https://www.blip.fm/None: Continueing...
2024-03-13 03:19:27,619 - ERROR - Error occurred while searching for None on https://www.twitch.tv/None: Continueing...
2024-03-13 03:19:27,875 - ERROR - Error occurred while searching for None on https://www.bandsintown.com/None: Continueing...
2024-03-13 03:19:29,919 - ERROR - Error occurred while searching for None on https://www.8tracks.com/None: Continueing...
2024-03-13 03:19:29,997 - ERROR - Error occurred while searching for None on https://www.yelp.com/user_details?userid=/None: Continueing...
2024-03-13 03:19:30,518 - ERROR - Error occurred while searching for None on https://www.freelancer.com/u/None: Continueing...
2024-03-13 03:19:31,051 - ERROR - Error occurred while searching for None on https://www.pearltrees.com/None: Continueing...
2024-03-13 03:19:31,368 - ERROR - Error occurred while searching for None on https://www.9gag.com/u/None: Continueing...
2024-03-13 03:19:32,324 - ERROR - Error occurred while searching for None on https://www.stitcher.com/profile/None: Continueing...
2024-03-13 03:19:32,446 - ERROR - Error occurred while searching for None on https://www.pbase.com/None: Continueing...
2024-03-13 03:19:32,576 - ERROR - Error occurred while searching for None on https://www.veoh.com/users/None: Continueing...
2024-03-13 03:19:33,461 - ERROR - Error occurred while searching for None on https://www.photobucket.com/user/None: Continueing...
2024-03-13 03:19:34,320 - ERROR - Error occurred while searching for None on https://www.giphy.com/channel/None: Continueing...
2024-03-13 03:19:34,332 - ERROR - Error occurred while searching for None on https://www.khanacademy.org/profiles/None: Continueing...
2024-03-13 03:19:36,054 - ERROR - Error occurred while searching for None on https://www.creativelive.com/student/None: Continueing...
2024-03-13 03:19:36,853 - ERROR - Error occurred while searching for None on https://www.care2.com/c2c/people/None: Continueing...
2024-03-13 03:19:37,116 - ERROR - Error occurred while searching for None on https://www.speakingtree.in/public/None: Continueing...
2024-03-13 03:19:37,805 - ERROR - Error occurred while searching for None on https://www.gaiaonline.com/profiles/None: Continueing...
2024-03-13 03:19:38,587 - ERROR - Error occurred while searching for None on https://www.buzzfeed.com/None: Continueing...
2024-03-13 03:19:38,888 - ERROR - Error occurred while searching for None on https://www.wikidot.com/user:info/None: Continueing...
2024-03-13 03:19:39,375 - ERROR - Error occurred while searching for None on https://www.foap.com/users/None: Continueing...
2024-03-13 03:19:40,407 - ERROR - Error occurred while searching for None on https://www.zedge.net/profile/None: Continueing...
2024-03-13 03:19:40,471 - ERROR - Error occurred while searching for None on https://www.taringa.net/None: Continueing...
2024-03-13 03:19:40,996 - ERROR - Error occurred while searching for None on https://www.couchsurfing.com/people/None: Continueing...
2024-03-13 03:19:42,291 - ERROR - Error occurred while searching for None on https://www.photoshopcreative.co.uk/user/None: Continueing...
2024-03-13 03:19:45,203 - ERROR - Error occurred while searching for None on https://www.eyeem.com/u/None: Continueing...
2024-03-13 03:29:29,298 - ERROR - Error occurred while searching for None on https://badoo.com/profile/None: Continueing...
2024-03-13 03:29:29,441 - ERROR - Error occurred while searching for None on https://www.tiktok.com/@/None: Continueing...
2024-03-13 03:29:29,772 - ERROR - Error occurred while searching for None on https://twitter.com/None: Continueing...
2024-03-13 03:29:30,146 - ERROR - Error occurred while searching for None on https://t.me/None: Continueing...
2024-03-13 03:29:30,869 - ERROR - Error occurred while searching for None on https://www.facebook.com/None: Continueing...
2024-03-13 03:29:31,481 - ERROR - Error occurred while searching for None on https://instagram.com/None: Continueing...
2024-03-13 03:29:32,304 - ERROR - Error occurred while searching for None on https://patreon.com/None: Continueing...
2024-03-13 03:29:32,344 - ERROR - Error occurred while searching for None on https://www.pinterest.com/None: Continueing...
2024-03-13 03:29:32,821 - ERROR - Error occurred while searching for None on https://medium.com/@/None: Continueing...
2024-03-13 03:29:33,365 - ERROR - Error occurred while searching for None on https://bionluk.com/None: Continueing...
2024-03-13 03:29:34,207 - ERROR - Error occurred while searching for None on https://tt.me/None: Continueing...
2024-03-13 03:29:34,321 - WARNING - Certificate did not match expected hostname: wanelo.co. Certificate: {'subject': ((('commonName', '*.park.io'),),), 'issuer': ((('countryName', 'US'),), (('organizationName', 'Amazon'),), (('commonName', 'Amazon RSA 2048 M02'),)), 'version': 3, 'serialNumber': '081BF1F245F20E82B416C79A0ABBAD45', 'notBefore': 'Nov 15 00:00:00 2023 GMT', 'notAfter': 'Dec 12 23:59:59 2024 GMT', 'subjectAltName': (('DNS', '*.park.io'), ('DNS', 'park.io')), 'OCSP': ('http://ocsp.r2m02.amazontrust.com',), 'caIssuers': ('http://crt.r2m02.amazontrust.com/r2m02.cer',), 'crlDistributionPoints': ('http://crl.r2m02.amazontrust.com/r2m02.crl',)}
2024-03-13 03:29:34,339 - ERROR - Error occurred while searching for None on https://wanelo.co/None: Continueing...
2024-03-13 03:29:34,413 - ERROR - Error occurred while searching for None on https://www.trakt.tv/users/None: Continueing...
2024-03-13 03:29:34,871 - ERROR - Error occurred while searching for None on https://story.snapchat.com/s/None: Continueing...
2024-03-13 03:29:37,891 - ERROR - Error occurred while searching for None on https://steamcommunity.com/id/None: Continueing...
2024-03-13 03:29:38,428 - ERROR - Error occurred while searching for None on https://www.linkedin.com/in/None: Continueing...
2024-03-13 03:29:38,527 - ERROR - Error occurred while searching for None on https://twitch.tv/None: Continueing...
2024-03-13 03:29:39,475 - ERROR - Error occurred while searching for None on https://www.chess.com/member/None: Continueing...
2024-03-13 03:29:40,001 - ERROR - Error occurred while searching for None on https://club.ubisoft.com/profile/None: Continueing...
2024-03-13 03:29:40,826 - ERROR - Error occurred while searching for None on https://rt.pornhub.com/users/None: Continueing...
2024-03-13 03:29:41,301 - ERROR - Error occurred while searching for None on https://wfts.su/profile/None: Continueing...
2024-03-13 03:29:41,470 - ERROR - Error occurred while searching for None on https://account.xbox.com/profile?gamertag=/None: Continueing...
2024-03-13 03:29:42,806 - ERROR - Error occurred while searching for None on https://www.donationalerts.com/r/None: Continueing...
2024-03-13 03:29:42,970 - ERROR - Error occurred while searching for None on https://paypal.me/None: Continueing...
2024-03-13 03:29:45,178 - ERROR - Error occurred while searching for None on https://anime-planet.com/users/None: Continueing...
2024-03-13 03:29:45,575 - ERROR - Error occurred while searching for None on http://www.money-talk.org/profile.php?mode=viewprofile&u=/None: Continueing...
2024-03-13 03:29:46,147 - ERROR - Error occurred while searching for None on https://www.ebay.com/usr/None: Continueing...
2024-03-13 03:29:50,433 - ERROR - Error occurred while searching for None on https://www.reddit.com/user/None: Continueing...
2024-03-13 03:29:50,772 - ERROR - Error occurred while searching for None on https://pastebin.com/u/None: Continueing...
2024-03-13 03:29:50,917 - ERROR - Error occurred while searching for None on https://www.openstreetmap.org/user/None: Continueing...
2024-03-13 03:29:51,060 - ERROR - Error occurred while searching for None on https://pypi.org/user/None: Continueing...
2024-03-13 03:29:52,738 - ERROR - Error occurred while searching for None on https://ask.fm/None: Continueing...
2024-03-13 03:29:52,952 - ERROR - Error occurred while searching for None on https://doxbin.com/user/None: Continueing...
2024-03-13 03:29:52,975 - ERROR - Error occurred while searching for None on https://metacritic.com/user/None: Continueing...
2024-03-13 03:29:53,058 - ERROR - Error occurred while searching for None on https://pinkbike.com/u/None: Continueing...
2024-03-13 03:29:53,661 - ERROR - Error occurred while searching for None on https://www.seoclerks.com/user/None: Continueing...
2024-03-13 03:29:54,409 - ERROR - Error occurred while searching for None on https://soundcloud.com/None: Continueing...
2024-03-13 03:29:54,481 - ERROR - Error occurred while searching for None on https://doxbin.com/upload/None: Continueing...
2024-03-13 03:29:55,003 - ERROR - Error occurred while searching for None on https://www.duolingo.com/profile/None: Continueing...
2024-03-13 03:29:56,533 - ERROR - Error occurred while searching for None on https://www.deviantart.com/None: Continueing...
2024-03-13 03:29:56,719 - ERROR - Error occurred while searching for None on https://justpaste.it/u/None: Continueing...
2024-03-13 03:29:56,900 - ERROR - Error occurred while searching for None on https://www.behance.net/None: Continueing...
2024-03-13 03:29:57,801 - ERROR - Error occurred while searching for None on https://www.flickr.com/people/None: Continueing...
2024-03-13 03:29:58,628 - ERROR - Error occurred while searching for None on https://www.last.fm/user/None: Continueing...
2024-03-13 03:29:59,370 - ERROR - Error occurred while searching for None on https://www.tripadvisor.com/members/None: Continueing...
2024-03-13 03:29:59,413 - ERROR - Error occurred while searching for None on https://vimeo.com/None: Continueing...
2024-03-13 03:29:59,992 - ERROR - Error occurred while searching for None on https://www.scribd.com/None: Continueing...
2024-03-13 03:30:00,615 - ERROR - Error occurred while searching for None on https://www.crunchyroll.com/user/None: Continueing...
2024-03-13 03:30:01,886 - ERROR - Error occurred while searching for None on https://www.stumbleupon.com/stumbler/None: Continueing...
2024-03-13 03:30:02,898 - ERROR - Error occurred while searching for None on https://www.mixcloud.com/None: Continueing...
2024-03-13 03:30:03,076 - ERROR - Error occurred while searching for None on https://www.500px.com/None: Continueing...
2024-03-13 03:30:04,101 - ERROR - Error occurred while searching for None on https://www.society6.com/None: Continueing...
2024-03-13 03:30:04,549 - ERROR - Error occurred while searching for None on https://www.weheartit.com/None: Continueing...
2024-03-13 03:30:06,502 - ERROR - Error occurred while searching for None on https://www.slashdot.org/~/None: Continueing...
2024-03-13 03:30:06,940 - ERROR - Error occurred while searching for None on https://www.dailykos.com/user/None: Continueing...
2024-03-13 03:30:07,517 - ERROR - Error occurred while searching for None on https://www.dailymotion.com/None: Continueing...
2024-03-13 03:30:08,698 - ERROR - Error occurred while searching for None on https://www.thingiverse.com/None: Continueing...
2024-03-13 03:30:09,534 - ERROR - Error occurred while searching for None on https://www.instructables.com/member/None: Continueing...
2024-03-13 03:30:09,679 - ERROR - Error occurred while searching for None on https://www.spoonflower.com/profiles/None: Continueing...
2024-03-13 03:30:09,842 - ERROR - Error occurred while searching for None on https://www.slickdeals.net/forums/member.php?u=/None: Continueing...
2024-03-13 03:30:10,104 - ERROR - Error occurred while searching for None on https://www.flightradar24.com/author/None: Continueing...
2024-03-13 03:30:11,455 - ERROR - Error occurred while searching for None on https://www.suicidegirls.com/members/None: Continueing...
2024-03-13 03:30:11,709 - ERROR - Error occurred while searching for None on https://www.mix.com/None: Continueing...
2024-03-13 03:30:12,382 - WARNING - Certificate did not match expected hostname: www.blip.fm. Certificate: {'subject': ((('commonName', 'blip.fm'),),), 'issuer': ((('countryName', 'US'),), (('organizationName', "Let's Encrypt"),), (('commonName', 'R3'),)), 'version': 3, 'serialNumber': '034188C150F6A4252C07FA634E36F98B5B92', 'notBefore': 'Feb  1 04:03:57 2024 GMT', 'notAfter': 'May  1 04:03:56 2024 GMT', 'subjectAltName': (('DNS', 'blip.fm'),), 'OCSP': ('http://r3.o.lencr.org',), 'caIssuers': ('http://r3.i.lencr.org/',)}
2024-03-13 03:30:12,383 - ERROR - Error occurred while searching for None on https://www.blip.fm/None: Continueing...
2024-03-13 03:30:12,697 - ERROR - Error occurred while searching for None on https://www.bandsintown.com/None: Continueing...
2024-03-13 03:30:13,385 - ERROR - Error occurred while searching for None on https://www.8tracks.com/None: Continueing...
2024-03-13 03:30:14,804 - ERROR - Error occurred while searching for None on https://www.yelp.com/user_details?userid=/None: Continueing...
2024-03-13 03:30:15,367 - ERROR - Error occurred while searching for None on https://www.freelancer.com/u/None: Continueing...
2024-03-13 03:30:16,131 - ERROR - Error occurred while searching for None on https://www.pbase.com/None: Continueing...
2024-03-13 03:30:16,177 - ERROR - Error occurred while searching for None on https://www.9gag.com/u/None: Continueing...
2024-03-13 03:30:16,255 - ERROR - Error occurred while searching for None on https://www.pearltrees.com/None: Continueing...
2024-03-13 03:34:03,520 - ERROR - An unexpected error occurred: [Errno 2] No such file or directory: 'src/urls.txt'
2024-03-13 03:41:14,356 - ERROR - Error occurred while searching for Discord on https://www.facebook.com/Discord: Continueing...
2024-03-13 03:41:14,712 - ERROR - Error occurred while searching for Discord on https://www.tiktok.com/@/Discord: Continueing...
2024-03-13 03:41:15,631 - ERROR - Error occurred while searching for Discord on https://t.me/Discord: Continueing...
2024-03-13 03:41:16,068 - ERROR - Error occurred while searching for Discord on https://ok.ru/Discord: Continueing...
2024-03-13 03:41:16,111 - ERROR - Error occurred while searching for Discord on https://twitter.com/Discord: Continueing...
2024-03-13 03:41:16,161 - ERROR - Error occurred while searching for Discord on https://badoo.com/profile/Discord: Continueing...
2024-03-13 03:41:16,444 - ERROR - Error occurred while searching for Discord on https://instagram.com/Discord: Continueing...
2024-03-13 03:41:17,735 - ERROR - Error occurred while searching for Discord on https://patreon.com/Discord: Continueing...
2024-03-13 03:41:17,981 - ERROR - Error occurred while searching for Discord on https://tt.me/Discord: Continueing...
2024-03-13 03:41:18,048 - ERROR - Error occurred while searching for Discord on https://bionluk.com/Discord: Continueing...
2024-03-13 03:41:18,181 - ERROR - Error occurred while searching for Discord on https://medium.com/@/Discord: Continueing...
2024-03-13 03:41:18,479 - ERROR - Error occurred while searching for Discord on https://www.trakt.tv/users/Discord: Continueing...
2024-03-13 03:41:19,244 - ERROR - Error occurred while searching for Discord on https://story.snapchat.com/s/Discord: Continueing...
2024-03-13 03:41:19,355 - ERROR - Error occurred while searching for Discord on https://www.pinterest.com/Discord: Continueing...
2024-03-13 03:41:21,120 - ERROR - Error occurred while searching for Discord on https://twitch.tv/Discord: Continueing...
2024-03-13 03:41:21,232 - WARNING - Certificate did not match expected hostname: wanelo.co. Certificate: {'subject': ((('commonName', '*.park.io'),),), 'issuer': ((('countryName', 'US'),), (('organizationName', 'Amazon'),), (('commonName', 'Amazon RSA 2048 M02'),)), 'version': 3, 'serialNumber': '081BF1F245F20E82B416C79A0ABBAD45', 'notBefore': 'Nov 15 00:00:00 2023 GMT', 'notAfter': 'Dec 12 23:59:59 2024 GMT', 'subjectAltName': (('DNS', '*.park.io'), ('DNS', 'park.io')), 'OCSP': ('http://ocsp.r2m02.amazontrust.com',), 'caIssuers': ('http://crt.r2m02.amazontrust.com/r2m02.cer',), 'crlDistributionPoints': ('http://crl.r2m02.amazontrust.com/r2m02.crl',)}
2024-03-13 03:41:21,234 - ERROR - Error occurred while searching for Discord on https://wanelo.co/Discord: Continueing...
2024-03-13 03:41:22,419 - ERROR - Error occurred while searching for Discord on https://rt.pornhub.com/users/Discord: Continueing...
2024-03-13 03:41:23,274 - ERROR - Error occurred while searching for Discord on https://steamcommunity.com/id/Discord: Continueing...
2024-03-13 03:41:24,968 - ERROR - Error occurred while searching for Discord on https://www.reddit.com/user/Discord: Continueing...
2024-03-13 03:41:25,051 - ERROR - Error occurred while searching for Discord on https://www.chess.com/member/Discord: Continueing...
2024-03-13 03:41:25,224 - ERROR - Error occurred while searching for Discord on https://www.xboxgamertag.com/search/Discord: Continueing...
2024-03-13 03:41:25,787 - ERROR - Error occurred while searching for Discord on https://club.ubisoft.com/profile/Discord: Continueing...
2024-03-13 03:41:26,345 - ERROR - Error occurred while searching for Discord on https://www.donationalerts.com/r/Discord: Continueing...
2024-03-13 03:41:26,561 - ERROR - Error occurred while searching for Discord on https://account.xbox.com/profile?gamertag=/Discord: Continueing...
2024-03-13 03:41:26,607 - ERROR - Error occurred while searching for Discord on https://wfts.su/profile/Discord: Continueing...
2024-03-13 03:41:27,353 - ERROR - Error occurred while searching for Discord on https://www.minds.com/Discord: Continueing...
2024-03-13 03:41:28,831 - ERROR - Error occurred while searching for Discord on https://paypal.me/Discord: Continueing...
2024-03-13 03:41:29,406 - ERROR - Error occurred while searching for Discord on https://users.scala-lang.org/u/Discord: Continueing...
2024-03-13 03:41:30,035 - ERROR - Error occurred while searching for Discord on https://github.com/Discord: Continueing...
2024-03-13 03:41:30,050 - ERROR - Error occurred while searching for Discord on https://anime-planet.com/users/Discord: Continueing...
2024-03-13 03:41:31,349 - ERROR - Error occurred while searching for Discord on http://www.money-talk.org/profile.php?mode=viewprofile&u=/Discord: Continueing...
2024-03-13 03:41:32,480 - ERROR - Error occurred while searching for Discord on https://www.ebay.com/usr/Discord: Continueing...
2024-03-13 03:41:32,548 - ERROR - Error occurred while searching for Discord on https://ask.fm/Discord: Continueing...
2024-03-13 03:41:32,594 - ERROR - Error occurred while searching for Discord on https://pastebin.com/u/Discord: Continueing...
2024-03-13 03:41:33,151 - ERROR - Error occurred while searching for Discord on https://pypi.org/user/Discord: Continueing...
2024-03-13 03:41:34,287 - ERROR - Error occurred while searching for Discord on https://www.openstreetmap.org/user/Discord: Continueing...
2024-03-13 03:41:34,291 - ERROR - Error occurred while searching for Discord on https://doxbin.com/user/Discord: Continueing...
2024-03-13 03:41:34,604 - ERROR - Error occurred while searching for Discord on https://metacritic.com/user/Discord: Continueing...
2024-03-13 03:41:34,765 - ERROR - Error occurred while searching for Discord on https://pinkbike.com/u/Discord: Continueing...
2024-03-13 03:41:35,756 - ERROR - Error occurred while searching for Discord on https://doxbin.com/upload/Discord: Continueing...
2024-03-13 03:41:36,736 - ERROR - Error occurred while searching for Discord on https://www.duolingo.com/profile/Discord: Continueing...
2024-03-13 03:41:36,859 - ERROR - Error occurred while searching for Discord on https://www.seoclerks.com/user/Discord: Continueing...
2024-03-13 03:41:37,269 - ERROR - Error occurred while searching for Discord on https://justpaste.it/u/Discord: Continueing...
2024-03-13 03:41:38,051 - ERROR - Error occurred while searching for Discord on https://www.deviantart.com/Discord: Continueing...
2024-03-13 03:41:38,920 - ERROR - Error occurred while searching for Discord on https://www.behance.net/Discord: Continueing...
2024-03-13 03:41:39,979 - ERROR - Error occurred while searching for Discord on https://www.last.fm/user/Discord: Continueing...
2024-03-13 03:41:39,996 - ERROR - Error occurred while searching for Discord on https://www.quora.com/profile/Discord: Continueing...
2024-03-13 03:41:40,248 - ERROR - Error occurred while searching for Discord on https://www.flickr.com/people/Discord: Continueing...
2024-03-13 03:41:40,947 - ERROR - Error occurred while searching for Discord on https://vimeo.com/Discord: Continueing...
2024-03-13 03:41:41,413 - ERROR - Error occurred while searching for Discord on https://www.tripadvisor.com/members/Discord: Continueing...
2024-03-13 03:41:42,152 - ERROR - Error occurred while searching for Discord on https://www.scribd.com/Discord: Continueing...
2024-03-13 03:41:42,286 - ERROR - Error occurred while searching for Discord on https://www.stumbleupon.com/stumbler/Discord: Continueing...
2024-03-13 03:41:42,724 - ERROR - Error occurred while searching for Discord on https://www.500px.com/Discord: Continueing...
2024-03-13 03:41:43,751 - ERROR - Error occurred while searching for Discord on https://www.crunchyroll.com/user/Discord: Continueing...
2024-03-13 03:41:44,572 - ERROR - Error occurred while searching for Discord on https://www.mixcloud.com/Discord: Continueing...
2024-03-13 03:41:45,076 - ERROR - Error occurred while searching for Discord on https://www.bandcamp.com/Discord: Continueing...
2024-03-13 03:41:46,821 - ERROR - Error occurred while searching for Discord on https://www.society6.com/Discord: Continueing...
2024-03-13 03:41:47,028 - ERROR - Error occurred while searching for Discord on https://www.sbnation.com/users/Discord: Continueing...
2024-03-13 03:41:47,223 - ERROR - Error occurred while searching for Discord on https://www.weheartit.com/Discord: Continueing...
2024-03-13 03:41:47,752 - ERROR - Error occurred while searching for Discord on https://www.slashdot.org/~/Discord: Continueing...
2024-03-13 03:41:48,062 - ERROR - Error occurred while searching for Discord on https://www.etsy.com/people/Discord: Continueing...
2024-03-13 03:41:48,582 - ERROR - Error occurred while searching for Discord on https://www.myspace.com/Discord: Continueing...
2024-03-13 03:41:48,909 - ERROR - Error occurred while searching for Discord on https://www.dailykos.com/user/Discord: Continueing...
2024-03-13 03:41:49,295 - ERROR - Error occurred while searching for Discord on https://www.dailymotion.com/Discord: Continueing...
2024-03-13 03:41:51,028 - ERROR - Error occurred while searching for Discord on https://www.thingiverse.com/Discord: Continueing...
2024-03-13 03:41:52,232 - ERROR - Error occurred while searching for Discord on https://www.instructables.com/member/Discord: Continueing...
2024-03-13 03:41:52,361 - ERROR - Error occurred while searching for Discord on https://www.flightradar24.com/author/Discord: Continueing...
2024-03-13 03:41:52,502 - ERROR - Error occurred while searching for Discord on https://www.slickdeals.net/forums/member.php?u=/Discord: Continueing...
2024-03-13 03:41:52,640 - ERROR - Error occurred while searching for Discord on https://www.metal-archives.com/users/Discord: Continueing...
2024-03-13 03:41:53,827 - WARNING - Certificate did not match expected hostname: www.blip.fm. Certificate: {'subject': ((('commonName', 'blip.fm'),),), 'issuer': ((('countryName', 'US'),), (('organizationName', "Let's Encrypt"),), (('commonName', 'R3'),)), 'version': 3, 'serialNumber': '034188C150F6A4252C07FA634E36F98B5B92', 'notBefore': 'Feb  1 04:03:57 2024 GMT', 'notAfter': 'May  1 04:03:56 2024 GMT', 'subjectAltName': (('DNS', 'blip.fm'),), 'OCSP': ('http://r3.o.lencr.org',), 'caIssuers': ('http://r3.i.lencr.org/',)}
2024-03-13 03:41:53,828 - ERROR - Error occurred while searching for Discord on https://www.blip.fm/Discord: Continueing...
2024-03-13 03:41:54,134 - ERROR - Error occurred while searching for Discord on https://www.suicidegirls.com/members/Discord: Continueing...
2024-03-13 03:41:54,627 - ERROR - Error occurred while searching for Discord on https://www.mix.com/Discord: Continueing...
2024-03-13 03:41:55,443 - ERROR - Error occurred while searching for Discord on https://www.bandsintown.com/Discord: Continueing...
2024-03-13 03:41:56,674 - ERROR - Error occurred while searching for Discord on https://www.twitch.tv/Discord: Continueing...
2024-03-13 03:41:56,785 - ERROR - Error occurred while searching for Discord on https://www.yelp.com/user_details?userid=/Discord: Continueing...
2024-03-13 03:41:57,256 - ERROR - Error occurred while searching for Discord on https://www.8tracks.com/Discord: Continueing...
2024-03-13 03:41:57,812 - ERROR - Error occurred while searching for Discord on https://www.freelancer.com/u/Discord: Continueing...
2024-03-13 03:41:58,437 - ERROR - Error occurred while searching for Discord on https://www.pearltrees.com/Discord: Continueing...
2024-03-13 03:41:58,746 - ERROR - Error occurred while searching for Discord on https://www.photobucket.com/user/Discord: Continueing...
2024-03-13 03:41:59,434 - ERROR - Error occurred while searching for Discord on https://www.stitcher.com/profile/Discord: Continueing...
2024-03-13 03:41:59,598 - ERROR - Error occurred while searching for Discord on https://www.pbase.com/Discord: Continueing...
2024-03-13 03:42:00,193 - ERROR - Error occurred while searching for Discord on https://www.khanacademy.org/profiles/Discord: Continueing...
2024-03-13 03:42:01,400 - ERROR - Error occurred while searching for Discord on https://www.giphy.com/channel/Discord: Continueing...
2024-03-13 03:42:01,442 - ERROR - Error occurred while searching for Discord on https://www.veoh.com/users/Discord: Continueing...
2024-03-13 03:42:01,526 - ERROR - Error occurred while searching for Discord on https://www.9gag.com/u/Discord: Continueing...
2024-03-13 03:42:01,755 - ERROR - Error occurred while searching for Discord on https://www.tripit.com/people/Discord: Continueing...
2024-03-13 03:42:03,159 - ERROR - Error occurred while searching for Discord on https://www.wattpad.com/user/Discord: Continueing...
2024-03-13 03:42:03,761 - ERROR - Error occurred while searching for Discord on https://www.speakingtree.in/public/Discord: Continueing...
2024-03-13 03:42:04,252 - ERROR - Error occurred while searching for Discord on https://www.gaiaonline.com/profiles/Discord: Continueing...
2024-03-13 03:42:04,377 - ERROR - Error occurred while searching for Discord on https://www.care2.com/c2c/people/Discord: Continueing...
2024-03-13 03:42:05,304 - ERROR - Error occurred while searching for Discord on https://www.creativelive.com/student/Discord: Continueing...
2024-03-13 03:42:05,583 - ERROR - Error occurred while searching for Discord on https://www.buzzfeed.com/Discord: Continueing...
2024-03-13 03:42:05,658 - ERROR - Error occurred while searching for Discord on https://www.wikidot.com/user:info/Discord: Continueing...
2024-03-13 03:42:07,591 - ERROR - Error occurred while searching for Discord on https://www.foap.com/users/Discord: Continueing...
2024-03-13 03:42:08,485 - ERROR - Error occurred while searching for Discord on https://www.photoshopcreative.co.uk/user/Discord: Continueing...
2024-03-13 03:42:08,562 - ERROR - Error occurred while searching for Discord on https://www.couchsurfing.com/people/Discord: Continueing...
2024-03-13 03:42:08,858 - ERROR - Error occurred while searching for Discord on https://www.zedge.net/profile/Discord: Continueing...
2024-03-13 03:42:09,617 - ERROR - Error occurred while searching for Discord on https://www.taringa.net/Discord: Continueing...
2024-03-13 03:42:11,269 - ERROR - Error occurred while searching for Discord on https://www.eyeem.com/u/Discord: Continueing...
2024-03-13 03:42:12,762 - ERROR - Error occurred while searching for Discord on https://www.atlasobscura.com/users/Discord: Continueing...
2024-03-13 03:47:54,938 - WARNING - Certificate did not match expected hostname: wanelo.co. Certificate: {'subject': ((('commonName', '*.park.io'),),), 'issuer': ((('countryName', 'US'),), (('organizationName', 'Amazon'),), (('commonName', 'Amazon RSA 2048 M02'),)), 'version': 3, 'serialNumber': '081BF1F245F20E82B416C79A0ABBAD45', 'notBefore': 'Nov 15 00:00:00 2023 GMT', 'notAfter': 'Dec 12 23:59:59 2024 GMT', 'subjectAltName': (('DNS', '*.park.io'), ('DNS', 'park.io')), 'OCSP': ('http://ocsp.r2m02.amazontrust.com',), 'caIssuers': ('http://crt.r2m02.amazontrust.com/r2m02.cer',), 'crlDistributionPoints': ('http://crl.r2m02.amazontrust.com/r2m02.crl',)}
2024-03-13 03:47:54,941 - ERROR - Error occurred while searching for 21Savage on https://wanelo.co/21Savage: Continueing...
2024-03-13 03:48:12,797 - ERROR - Error occurred while searching for 21Savage on https://doxbin.com/upload/21Savage: Continueing...
2024-03-13 03:48:13,729 - ERROR - Error occurred while searching for 21Savage on https://doxbin.com/user/21Savage: Continueing...
2024-03-13 03:48:38,186 - WARNING - Certificate did not match expected hostname: www.blip.fm. Certificate: {'subject': ((('commonName', 'blip.fm'),),), 'issuer': ((('countryName', 'US'),), (('organizationName', "Let's Encrypt"),), (('commonName', 'R3'),)), 'version': 3, 'serialNumber': '034188C150F6A4252C07FA634E36F98B5B92', 'notBefore': 'Feb  1 04:03:57 2024 GMT', 'notAfter': 'May  1 04:03:56 2024 GMT', 'subjectAltName': (('DNS', 'blip.fm'),), 'OCSP': ('http://r3.o.lencr.org',), 'caIssuers': ('http://r3.i.lencr.org/',)}
2024-03-13 03:48:38,188 - ERROR - Error occurred while searching for 21Savage on https://www.blip.fm/21Savage: Continueing...
2024-03-13 03:53:02,188 - WARNING - Certificate did not match expected hostname: wanelo.co. Certificate: {'subject': ((('commonName', '*.park.io'),),), 'issuer': ((('countryName', 'US'),), (('organizationName', 'Amazon'),), (('commonName', 'Amazon RSA 2048 M02'),)), 'version': 3, 'serialNumber': '081BF1F245F20E82B416C79A0ABBAD45', 'notBefore': 'Nov 15 00:00:00 2023 GMT', 'notAfter': 'Dec 12 23:59:59 2024 GMT', 'subjectAltName': (('DNS', '*.park.io'), ('DNS', 'park.io')), 'OCSP': ('http://ocsp.r2m02.amazontrust.com',), 'caIssuers': ('http://crt.r2m02.amazontrust.com/r2m02.cer',), 'crlDistributionPoints': ('http://crl.r2m02.amazontrust.com/r2m02.crl',)}
2024-03-13 03:53:02,192 - ERROR - Error occurred while searching for gotr00t0day on https://wanelo.co/gotr00t0day: Continueing...
2024-03-13 03:53:20,085 - ERROR - Error occurred while searching for gotr00t0day on https://doxbin.com/user/gotr00t0day: Continueing...
2024-03-13 03:53:20,302 - ERROR - Error occurred while searching for gotr00t0day on https://doxbin.com/upload/gotr00t0day: Continueing...
2024-03-13 03:53:36,580 - WARNING - Certificate did not match expected hostname: www.blip.fm. Certificate: {'subject': ((('commonName', 'blip.fm'),),), 'issuer': ((('countryName', 'US'),), (('organizationName', "Let's Encrypt"),), (('commonName', 'R3'),)), 'version': 3, 'serialNumber': '034188C150F6A4252C07FA634E36F98B5B92', 'notBefore': 'Feb  1 04:03:57 2024 GMT', 'notAfter': 'May  1 04:03:56 2024 GMT', 'subjectAltName': (('DNS', 'blip.fm'),), 'OCSP': ('http://r3.o.lencr.org',), 'caIssuers': ('http://r3.i.lencr.org/',)}
2024-03-13 03:53:36,582 - ERROR - Error occurred while searching for gotr00t0day on https://www.blip.fm/gotr00t0day: Continueing...
2024-03-13 04:01:20,751 - WARNING - Certificate did not match expected hostname: wanelo.co. Certificate: {'subject': ((('commonName', '*.park.io'),),), 'issuer': ((('countryName', 'US'),), (('organizationName', 'Amazon'),), (('commonName', 'Amazon RSA 2048 M02'),)), 'version': 3, 'serialNumber': '081BF1F245F20E82B416C79A0ABBAD45', 'notBefore': 'Nov 15 00:00:00 2023 GMT', 'notAfter': 'Dec 12 23:59:59 2024 GMT', 'subjectAltName': (('DNS', '*.park.io'), ('DNS', 'park.io')), 'OCSP': ('http://ocsp.r2m02.amazontrust.com',), 'caIssuers': ('http://crt.r2m02.amazontrust.com/r2m02.cer',), 'crlDistributionPoints': ('http://crl.r2m02.amazontrust.com/r2m02.crl',)}
2024-03-13 04:01:20,753 - ERROR - Error occurred while searching for gotr00t0day on https://wanelo.co/gotr00t0day: Continueing...
2024-03-13 04:01:33,637 - ERROR - Error occurred while searching for gotr00t0day on https://doxbin.com/upload/gotr00t0day: Continueing...
2024-03-13 04:01:34,442 - ERROR - Error occurred while searching for gotr00t0day on https://doxbin.com/user/gotr00t0day: Continueing...
2024-03-13 04:01:51,609 - WARNING - Certificate did not match expected hostname: www.blip.fm. Certificate: {'subject': ((('commonName', 'blip.fm'),),), 'issuer': ((('countryName', 'US'),), (('organizationName', "Let's Encrypt"),), (('commonName', 'R3'),)), 'version': 3, 'serialNumber': '034188C150F6A4252C07FA634E36F98B5B92', 'notBefore': 'Feb  1 04:03:57 2024 GMT', 'notAfter': 'May  1 04:03:56 2024 GMT', 'subjectAltName': (('DNS', 'blip.fm'),), 'OCSP': ('http://r3.o.lencr.org',), 'caIssuers': ('http://r3.i.lencr.org/',)}
2024-03-13 04:01:51,611 - ERROR - Error occurred while searching for gotr00t0day on https://www.blip.fm/gotr00t0day: Continueing...
2024-03-13 04:04:07,591 - WARNING - Certificate did not match expected hostname: wanelo.co. Certificate: {'subject': ((('commonName', '*.park.io'),),), 'issuer': ((('countryName', 'US'),), (('organizationName', 'Amazon'),), (('commonName', 'Amazon RSA 2048 M02'),)), 'version': 3, 'serialNumber': '081BF1F245F20E82B416C79A0ABBAD45', 'notBefore': 'Nov 15 00:00:00 2023 GMT', 'notAfter': 'Dec 12 23:59:59 2024 GMT', 'subjectAltName': (('DNS', '*.park.io'), ('DNS', 'park.io')), 'OCSP': ('http://ocsp.r2m02.amazontrust.com',), 'caIssuers': ('http://crt.r2m02.amazontrust.com/r2m02.cer',), 'crlDistributionPoints': ('http://crl.r2m02.amazontrust.com/r2m02.crl',)}
2024-03-13 04:04:07,593 - ERROR - Error occurred while searching for gotr00t0day on https://wanelo.co/gotr00t0day: Continueing...
2024-03-13 04:04:22,321 - ERROR - Error occurred while searching for gotr00t0day on https://doxbin.com/upload/gotr00t0day: Continueing...
2024-03-13 04:04:22,340 - ERROR - Error occurred while searching for gotr00t0day on https://doxbin.com/user/gotr00t0day: Continueing...
2024-03-13 04:04:38,974 - WARNING - Certificate did not match expected hostname: www.blip.fm. Certificate: {'subject': ((('commonName', 'blip.fm'),),), 'issuer': ((('countryName', 'US'),), (('organizationName', "Let's Encrypt"),), (('commonName', 'R3'),)), 'version': 3, 'serialNumber': '034188C150F6A4252C07FA634E36F98B5B92', 'notBefore': 'Feb  1 04:03:57 2024 GMT', 'notAfter': 'May  1 04:03:56 2024 GMT', 'subjectAltName': (('DNS', 'blip.fm'),), 'OCSP': ('http://r3.o.lencr.org',), 'caIssuers': ('http://r3.i.lencr.org/',)}
2024-03-13 04:04:38,975 - ERROR - Error occurred while searching for gotr00t0day on https://www.blip.fm/gotr00t0day: Continueing...
